<?xml version="1.0" encoding="UTF-8"?>
<testsuite xmlns:xsi="http://www.w3.org/2001/XMLSchema-instance" xsi:noNamespaceSchemaLocation="https://maven.apache.org/surefire/maven-surefire-plugin/xsd/surefire-test-report-3.0.xsd" version="3.0" name="it.mattiacaddeo.MyEXE_Airport.MyExeAirportApplicationTests" time="2.502" tests="1" errors="0" skipped="0" failures="0">
  <properties>
[...]
</properties>
  <testcase name="contextLoads" classname="it.mattiacaddeo.MyEXE_Airport.MyExeAirportApplicationTests" time="0.258">
    <system-out><![CDATA[16:42:50.490 [main] INFO org.springframework.test.context.support.AnnotationConfigContextLoaderUtils -- Could not detect default configuration classes for test class [it.mattiacaddeo.MyEXE_Airport.MyExeAirportApplicationTests]: MyExeAirportApplicationTests does not declare any static, non-private, non-final, nested classes annotated with @Configuration.
16:42:50.542 [main] INFO org.springframework.boot.test.context.SpringBootTestContextBootstrapper -- Found @SpringBootConfiguration it.mattiacaddeo.MyEXE_Airport.MyExeAirportApplication for test class it.mattiacaddeo.MyEXE_Airport.MyExeAirportApplicationTests
16:42:50.620 [main] INFO org.springframework.boot.devtools.restart.RestartApplicationListener -- Restart disabled due to context in which it is running
  .   ____          _            __ _ _
 /\\ / ___'_ __ _ _(_)_ __  __ _ \ \ \ \
( ( )\___ | '_ | '_| | '_ \/ _` | \ \ \ \
 \\/  ___)| |_)| | | | | || (_| |  ) ) ) )
  '  |____| .__|_| |_|_| |_\__, | / / / /
 =========|_|==============|___/=/_/_/_/

 :: Spring Boot ::                (v3.3.0)

2024-06-20T16:42:50.768+02:00  INFO 68311 --- [MyEXE_Airport] [           main] i.m.M.MyExeAirportApplicationTests       : Starting MyExeAirportApplicationTests using Java 17.0.5 with PID 68311 (started by mattia in /Users/mattia/eclipse-workspace/MyEXE_Airport)
2024-06-20T16:42:50.768+02:00  INFO 68311 --- [MyEXE_Airport] [           main] i.m.M.MyExeAirportApplicationTests       : No active profile set, falling back to 1 default profile: "default"
2024-06-20T16:42:51.074+02:00  INFO 68311 --- [MyEXE_Airport] [           main] .s.d.r.c.RepositoryConfigurationDelegate : Bootstrapping Spring Data JPA repositories in DEFAULT mode.
2024-06-20T16:42:51.100+02:00  INFO 68311 --- [MyEXE_Airport] [           main] .s.d.r.c.RepositoryConfigurationDelegate : Finished Spring Data repository scanning in 22 ms. Found 4 JPA repository interfaces.
2024-06-20T16:42:51.296+02:00  INFO 68311 --- [MyEXE_Airport] [           main] com.zaxxer.hikari.HikariDataSource       : HikariPool-1 - Starting...
2024-06-20T16:42:51.524+02:00  INFO 68311 --- [MyEXE_Airport] [           main] com.zaxxer.hikari.pool.HikariPool        : HikariPool-1 - Added connection com.mysql.cj.jdbc.ConnectionImpl@3830b06c
2024-06-20T16:42:51.525+02:00  INFO 68311 --- [MyEXE_Airport] [           main] com.zaxxer.hikari.HikariDataSource       : HikariPool-1 - Start completed.
2024-06-20T16:42:51.544+02:00  INFO 68311 --- [MyEXE_Airport] [           main] o.hibernate.jpa.internal.util.LogHelper  : HHH000204: Processing PersistenceUnitInfo [name: default]
2024-06-20T16:42:51.570+02:00  INFO 68311 --- [MyEXE_Airport] [           main] org.hibernate.Version                    : HHH000412: Hibernate ORM core version 6.5.2.Final
2024-06-20T16:42:51.586+02:00  INFO 68311 --- [MyEXE_Airport] [           main] o.h.c.internal.RegionFactoryInitiator    : HHH000026: Second-level cache disabled
2024-06-20T16:42:51.721+02:00  INFO 68311 --- [MyEXE_Airport] [           main] o.s.o.j.p.SpringPersistenceUnitInfo      : No LoadTimeWeaver setup: ignoring JPA class transformer
2024-06-20T16:42:51.771+02:00  WARN 68311 --- [MyEXE_Airport] [           main] org.hibernate.orm.deprecation            : HHH90000025: MySQLDialect does not need to be specified explicitly using 'hibernate.dialect' (remove the property setting and it will be selected by default)
2024-06-20T16:42:52.189+02:00  INFO 68311 --- [MyEXE_Airport] [           main] o.h.e.t.j.p.i.JtaPlatformInitiator       : HHH000489: No JTA platform available (set 'hibernate.transaction.jta.platform' to enable JTA platform integration)
2024-06-20T16:42:52.190+02:00  INFO 68311 --- [MyEXE_Airport] [           main] j.LocalContainerEntityManagerFactoryBean : Initialized JPA EntityManagerFactory for persistence unit 'default'
2024-06-20T16:42:52.336+02:00  WARN 68311 --- [MyEXE_Airport] [           main] .s.s.UserDetailsServiceAutoConfiguration : 

Using generated security password: 818462e6-fb5d-4812-b01e-e0219a262b12

This generated password is for development use only. Your security configuration must be updated before running your application in production.

2024-06-20T16:42:52.391+02:00  WARN 68311 --- [MyEXE_Airport] [           main] JpaBaseConfiguration$JpaWebConfiguration : spring.jpa.open-in-view is enabled by default. Therefore, database queries may be performed during view rendering. Explicitly configure spring.jpa.open-in-view to disable this warning
2024-06-20T16:42:52.562+02:00  INFO 68311 --- [MyEXE_Airport] [           main] r$InitializeUserDetailsManagerConfigurer : Global AuthenticationManager configured with UserDetailsService bean with name inMemoryUserDetailsManager
2024-06-20T16:42:52.612+02:00  INFO 68311 --- [MyEXE_Airport] [           main] o.s.s.web.DefaultSecurityFilterChain     : Will secure any request with [org.springframework.security.web.session.DisableEncodeUrlFilter@33293b34, org.springframework.security.web.context.request.async.WebAsyncManagerIntegrationFilter@68a1bb31, org.springframework.security.web.context.SecurityContextHolderFilter@25dacc5a, org.springframework.security.web.header.HeaderWriterFilter@167ccc3c, org.springframework.web.filter.CorsFilter@344f4a82, org.springframework.security.web.csrf.CsrfFilter@4e451f9a, org.springframework.security.web.authentication.logout.LogoutFilter@ec67be1, org.springframework.security.web.authentication.UsernamePasswordAuthenticationFilter@368e7d3a, org.springframework.security.web.authentication.ui.DefaultLoginPageGeneratingFilter@51806858, org.springframework.security.web.authentication.ui.DefaultLogoutPageGeneratingFilter@1ecbb787, org.springframework.security.web.authentication.www.BasicAuthenticationFilter@28be7db5, org.springframework.security.web.savedrequest.RequestCacheAwareFilter@273e622f, org.springframework.security.web.servletapi.SecurityContextHolderAwareRequestFilter@4b477121, org.springframework.security.web.authentication.AnonymousAuthenticationFilter@6441cff1, org.springframework.security.web.access.ExceptionTranslationFilter@40aaf656, org.springframework.security.web.access.intercept.AuthorizationFilter@e98004e]
2024-06-20T16:42:52.635+02:00  INFO 68311 --- [MyEXE_Airport] [           main] i.m.M.MyExeAirportApplicationTests       : Started MyExeAirportApplicationTests in 2.021 seconds (process running for 2.587)
]]></system-out>
  </testcase>
</testsuite>